<?xml version="1.0" encoding="UTF-8"?>
<!-- Generated by org.testng.reporters.JUnitReportReporter -->
<testsuite hostname="Андрей-ПК" name="demo.test.Building" tests="1" failures="0" timestamp="8 Aug 2014 20:31:42 GMT" time="21.776" errors="0">
  <testcase name="xTest" time="21.776" classname="demo.test.Building"/>
</testsuite> <!-- demo.test.Building -->
