<?xml version="1.0" encoding="UTF-8"?>
<!-- Generated by org.testng.reporters.JUnitReportReporter -->
<testsuite hostname="Андрей-ПК" name="demo.test.Jobs" tests="1" failures="0" timestamp="8 Aug 2014 20:31:42 GMT" time="11.050" errors="0">
  <testcase name="xTest" time="11.050" classname="demo.test.Jobs"/>
</testsuite> <!-- demo.test.Jobs -->
